<?xml version="1.0" encoding="UTF-8"?>
<!-- Generated by org.testng.reporters.JUnitReportReporter -->
<testsuite hostname="HARISH" failures="0" tests="4" name="datadrivenframework.test.DeleteAddressTest" time="21.542" errors="0" timestamp="2021-05-16T12:15:40 IST" skipped="0">
  <testcase classname="datadrivenframework.test.DeleteAddressTest" name="logIn" time="0.180"/>
  <system-out/>
  <testcase classname="datadrivenframework.test.DeleteAddressTest" name="signIn" time="2.108"/>
  <system-out/>
  <testcase classname="datadrivenframework.test.DeleteAddressTest" name="addressTest" time="0.115"/>
  <system-out/>
  <testcase classname="datadrivenframework.test.DeleteAddressTest" name="deleteAddressTest" time="19.139"/>
  <system-out/>
</testsuite> <!-- datadrivenframework.test.DeleteAddressTest -->
