<?xml version="1.0" encoding="UTF-8"?>
<!-- Generated by org.testng.reporters.JUnitReportReporter -->
<testsuite hostname="HARISH" failures="0" tests="4" name="datadrivenframework.test.DeleteAddressTest" time="21.349" errors="0" timestamp="2021-05-10T14:28:33 IST" skipped="0">
  <testcase classname="datadrivenframework.test.DeleteAddressTest" name="loginTest" time="0.215"/>
  <system-out/>
  <testcase classname="datadrivenframework.test.DeleteAddressTest" name="signinTest" time="2.902"/>
  <system-out/>
  <testcase classname="datadrivenframework.test.DeleteAddressTest" name="addressTest" time="3.145"/>
  <system-out/>
  <testcase classname="datadrivenframework.test.DeleteAddressTest" name="deleteAddress" time="15.087"/>
  <system-out/>
</testsuite> <!-- datadrivenframework.test.DeleteAddressTest -->
