<?xml version="1.0" encoding="UTF-8"?>
<!-- Generated by org.testng.reporters.JUnitReportReporter -->
<testsuite hostname="HARISH" failures="0" tests="6" name="datadrivenframework.test.AddAddressTest" time="20.661" errors="0" timestamp="2021-05-16T12:12:29 IST" skipped="0">
  <testcase classname="datadrivenframework.test.AddAddressTest" name="loginTest" time="0.177"/>
  <system-out/>
  <testcase classname="datadrivenframework.test.AddAddressTest" name="signinTest" time="1.833"/>
  <system-out/>
  <testcase classname="datadrivenframework.test.AddAddressTest" name="addressTest" time="0.107"/>
  <system-out/>
  <testcase classname="datadrivenframework.test.AddAddressTest" name="addAddressTest" time="7.680"/>
  <system-out/>
  <testcase classname="datadrivenframework.test.AddAddressTest" name="addAddressTest" time="5.487"/>
  <system-out/>
  <testcase classname="datadrivenframework.test.AddAddressTest" name="addAddressTest" time="5.377"/>
  <system-out/>
</testsuite> <!-- datadrivenframework.test.AddAddressTest -->
