<?xml version="1.0" encoding="UTF-8"?>
<!-- Generated by org.testng.reporters.JUnitReportReporter -->
<testsuite hostname="HARISH" failures="0" tests="5" name="datadrivenframework.test.LoginTest" time="18.635" errors="0" timestamp="2021-05-16T09:53:16 IST" skipped="0">
  <testcase classname="datadrivenframework.test.LoginTest" name="loginTest" time="0.466"/>
  <system-out/>
  <testcase classname="datadrivenframework.test.LoginTest" name="signinTest" time="2.202"/>
  <system-out/>
  <testcase classname="datadrivenframework.test.LoginTest" name="addressTest" time="3.186"/>
  <system-out/>
  <testcase classname="datadrivenframework.test.LoginTest" name="addAddressTest" time="6.360"/>
  <system-out/>
  <testcase classname="datadrivenframework.test.LoginTest" name="addAddressTest" time="6.421"/>
  <system-out/>
</testsuite> <!-- datadrivenframework.test.LoginTest -->
