<?xml version="1.0" encoding="UTF-8"?>
<!-- Generated by org.testng.reporters.JUnitReportReporter -->
<testsuite hostname="HARISH" failures="0" tests="5" name="datadrivenframework.test.LoginTest" time="23.950" errors="0" timestamp="2021-05-11T15:13:01 IST" skipped="0">
  <testcase classname="datadrivenframework.test.LoginTest" name="loginTest" time="0.513"/>
  <system-out/>
  <testcase classname="datadrivenframework.test.LoginTest" name="signinTest" time="4.263"/>
  <system-out/>
  <testcase classname="datadrivenframework.test.LoginTest" name="addressTest" time="3.385"/>
  <system-out/>
  <testcase classname="datadrivenframework.test.LoginTest" name="addAddressTest" time="8.415"/>
  <system-out/>
  <testcase classname="datadrivenframework.test.LoginTest" name="addAddressTest" time="7.374"/>
  <system-out/>
</testsuite> <!-- datadrivenframework.test.LoginTest -->
