<?xml version="1.0" encoding="UTF-8"?>
<!-- Generated by org.testng.reporters.JUnitReportReporter -->
<testsuite hostname="HARISH" failures="0" tests="5" name="datadrivenframework.test.LoginTest" time="22.567" errors="0" timestamp="2021-05-14T22:05:50 IST" skipped="0">
  <testcase classname="datadrivenframework.test.LoginTest" name="loginTest" time="0.357"/>
  <system-out/>
  <testcase classname="datadrivenframework.test.LoginTest" name="signinTest" time="3.859"/>
  <system-out/>
  <testcase classname="datadrivenframework.test.LoginTest" name="addressTest" time="3.357"/>
  <system-out/>
  <testcase classname="datadrivenframework.test.LoginTest" name="addAddressTest" time="6.797"/>
  <system-out/>
  <testcase classname="datadrivenframework.test.LoginTest" name="addAddressTest" time="8.197"/>
  <system-out/>
</testsuite> <!-- datadrivenframework.test.LoginTest -->
