<?xml version="1.0" encoding="UTF-8"?>
<!-- Generated by org.testng.reporters.JUnitReportReporter -->
<testsuite hostname="HARISH" failures="0" tests="6" name="datadrivenframework.test.AddAddressTest" time="17.987" errors="0" timestamp="2021-05-16T13:03:38 IST" skipped="0">
  <testcase classname="datadrivenframework.test.AddAddressTest" name="loginTest" time="0.182"/>
  <system-out/>
  <testcase classname="datadrivenframework.test.AddAddressTest" name="signinTest" time="1.545"/>
  <system-out/>
  <testcase classname="datadrivenframework.test.AddAddressTest" name="addressTest" time="0.107"/>
  <system-out/>
  <testcase classname="datadrivenframework.test.AddAddressTest" name="addAddressTest" time="5.416"/>
  <system-out/>
  <testcase classname="datadrivenframework.test.AddAddressTest" name="addAddressTest" time="5.434"/>
  <system-out/>
  <testcase classname="datadrivenframework.test.AddAddressTest" name="addAddressTest" time="5.303"/>
  <system-out/>
</testsuite> <!-- datadrivenframework.test.AddAddressTest -->
