<?xml version="1.0" encoding="UTF-8"?>
<!-- Generated by org.testng.reporters.JUnitReportReporter -->
<testsuite hostname="HARISH" failures="0" tests="4" name="datadrivenframework.test.DeleteAddressTest" time="28.946" errors="0" timestamp="2021-05-14T20:45:42 IST" skipped="0">
  <testcase classname="datadrivenframework.test.DeleteAddressTest" name="loginTest" time="0.411"/>
  <system-out/>
  <testcase classname="datadrivenframework.test.DeleteAddressTest" name="signinTest" time="6.156"/>
  <system-out/>
  <testcase classname="datadrivenframework.test.DeleteAddressTest" name="addressTest" time="3.154"/>
  <system-out/>
  <testcase classname="datadrivenframework.test.DeleteAddressTest" name="deleteAddress" time="19.225"/>
  <system-out/>
</testsuite> <!-- datadrivenframework.test.DeleteAddressTest -->
