<?xml version="1.0" encoding="UTF-8"?>
<!-- Generated by org.testng.reporters.JUnitReportReporter -->
<testsuite hostname="HARISH" failures="0" tests="5" name="datadrivenframework.test.LoginTest" time="20.201" errors="0" timestamp="2021-05-16T09:50:27 IST" skipped="0">
  <testcase classname="datadrivenframework.test.LoginTest" name="loginTest" time="0.578"/>
  <system-out/>
  <testcase classname="datadrivenframework.test.LoginTest" name="signinTest" time="2.690"/>
  <system-out/>
  <testcase classname="datadrivenframework.test.LoginTest" name="addressTest" time="3.178"/>
  <system-out/>
  <testcase classname="datadrivenframework.test.LoginTest" name="addAddressTest" time="6.870"/>
  <system-out/>
  <testcase classname="datadrivenframework.test.LoginTest" name="addAddressTest" time="6.885"/>
  <system-out/>
</testsuite> <!-- datadrivenframework.test.LoginTest -->
